SF:lib\src\feature\rainbow\data\client\shared_preferences_manager.dart
DA:4,1
DA:10,1
DA:11,2
DA:13,3
LF:4
LH:4
end_of_record
SF:lib\src\feature\rainbow\data\provider\local\rainbow_storage.dart
DA:2,0
LF:1
LH:0
end_of_record
SF:lib\src\feature\rainbow\data\provider\local\rainbow_storage_impl.dart
DA:6,1
DA:12,1
DA:14,2
DA:16,1
DA:17,2
DA:19,1
DA:21,2
DA:23,1
DA:25,2
LF:9
LH:9
end_of_record
SF:lib\src\feature\rainbow\data\repository\rainbow_repository_impl.dart
DA:6,1
DA:12,1
DA:13,2
DA:15,1
DA:16,2
DA:18,1
DA:20,2
DA:22,1
DA:24,2
LF:9
LH:9
end_of_record
SF:lib\src\feature\rainbow\data\repository\rainbow_repository.dart
DA:2,0
LF:1
LH:0
end_of_record
